<?xml version="1.0" encoding="UTF-8"?>
<robot generator="Robot 3.1.2 (Python 3.8.1 on win32)" generated="20200221 14:24:43.052" rpa="false">
<suite id="s1" name="Tests" source="E:\Working\Demo-Projects\AutomationDemo\Tests">
<suite id="s1-s1" name="Suites" source="E:\Working\Demo-Projects\AutomationDemo\Tests\Suites">
<suite id="s1-s1-s1" name="Login" source="E:\Working\Demo-Projects\AutomationDemo\Tests\Suites\Login">
<suite id="s1-s1-s1-s1" name="Login" source="E:\Working\Demo-Projects\AutomationDemo\Tests\Suites\Login\Login.robot">
<test id="s1-s1-s1-s1-t1" name="TC_1_1 User Could Not Login To Webview When Email Is Empty">
<kw name="User Navigates To Login Page" type="setup">
<kw name="User Open Browser And Go To Webview" library="Base_Test">
<arguments>
<arg>${LOGIN_URL}</arg>
</arguments>
<kw name="Setup Browser" library="Base_Test">
<kw name="Convert To Dictionary" library="Collections">
<doc>Converts the given ``item`` to a Python ``dict`` type.</doc>
<arguments>
<arg>${BROWSER}</arg>
</arguments>
<assign>
<var>${settings}</var>
</assign>
<msg timestamp="20200221 14:24:43.498" level="INFO">${settings} = {'TYPE': 'chrome', 'HEADLESS': False}</msg>
<status status="PASS" starttime="20200221 14:24:43.497" endtime="20200221 14:24:43.498"></status>
</kw>
<kw name="Setup Browser Driver" library="MyCustomizedLibrary">
<doc>Create instance of selenium webdriver base on driver type
:settings: dictionary of browser setting. Sample:
BROWSER:
  TYPE: chrome
  BROWSER_BINARY_PATH: &lt;path_name_of_browser_binary&gt;
  BROWSER_DRIVER_PATH: &lt;path_name_of_browser_driver&gt;
  HEADLESS: True
  WINDOW_SIZE: 1920,1080
  BROWSER_ARGUMENTS:
    no-sandbox
    arg2=value2</doc>
<arguments>
<arg>${settings}</arg>
</arguments>
<msg timestamp="20200221 14:24:53.237" level="INFO">E:\Working\Demo-Projects\AutomationDemo\Webdrivers\chromedriver\chromedriver.exe</msg>
<status status="PASS" starttime="20200221 14:24:43.498" endtime="20200221 14:24:53.237"></status>
</kw>
<status status="PASS" starttime="20200221 14:24:43.497" endtime="20200221 14:24:53.237"></status>
</kw>
<kw name="Go To" library="MyCustomizedLibrary">
<doc>Navigates the current browser window to the provided ``url``.</doc>
<arguments>
<arg>${URL}</arg>
</arguments>
<msg timestamp="20200221 14:24:53.238" level="INFO">Opening url 'http://automationpractice.com/index.php?controller=authentication&amp;back=my-account'</msg>
<status status="PASS" starttime="20200221 14:24:53.238" endtime="20200221 14:24:58.832"></status>
</kw>
<status status="PASS" starttime="20200221 14:24:43.497" endtime="20200221 14:24:58.832"></status>
</kw>
<kw name="User Should See The Login Page" library="Login_Page">
<kw name="Login Page Should Be Appear" library="Login_Actions">
<kw name="Wait Until Element Is Visible" library="MyCustomizedLibrary">
<doc>Waits until the element ``locator`` is visible.</doc>
<arguments>
<arg>${USERNAME_FIELD}</arg>
</arguments>
<status status="PASS" starttime="20200221 14:24:58.833" endtime="20200221 14:24:58.852"></status>
</kw>
<kw name="Wait Until Element Is Visible" library="MyCustomizedLibrary">
<doc>Waits until the element ``locator`` is visible.</doc>
<arguments>
<arg>${PASSWORD_FIELD}</arg>
</arguments>
<status status="PASS" starttime="20200221 14:24:58.852" endtime="20200221 14:24:58.868"></status>
</kw>
<kw name="Wait Until Element Is Visible" library="MyCustomizedLibrary">
<doc>Waits until the element ``locator`` is visible.</doc>
<arguments>
<arg>${LOGIN_BUTTON}</arg>
</arguments>
<status status="PASS" starttime="20200221 14:24:58.868" endtime="20200221 14:24:58.885"></status>
</kw>
<kw name="Wait Until Location Is" library="MyCustomizedLibrary">
<arguments>
<arg>${LOGIN_URL}</arg>
</arguments>
<status status="PASS" starttime="20200221 14:24:58.885" endtime="20200221 14:24:58.890"></status>
</kw>
<status status="PASS" starttime="20200221 14:24:58.832" endtime="20200221 14:24:58.890"></status>
</kw>
<status status="PASS" starttime="20200221 14:24:58.832" endtime="20200221 14:24:58.890"></status>
</kw>
<status status="PASS" starttime="20200221 14:24:43.497" endtime="20200221 14:24:58.890"></status>
</kw>
<kw name="When User Login To Webview" library="Login_Page">
<arguments>
<arg>${TC01_1.USERNAME}</arg>
<arg>${TC01_1.PASSWORD}</arg>
</arguments>
<kw name="User Input Username And Password" library="Login_Page">
<arguments>
<arg>${username}</arg>
<arg>${password}</arg>
</arguments>
<kw name="Input Username Field" library="Login_Actions">
<arguments>
<arg>${username}</arg>
</arguments>
<kw name="Input Text" library="MyCustomizedLibrary">
<doc>Types the given ``text`` into the text field identified by ``locator``.</doc>
<arguments>
<arg>${USERNAME_FIELD}</arg>
<arg>${username}</arg>
</arguments>
<msg timestamp="20200221 14:24:58.892" level="INFO">Typing text '' into text field 'id=email'.</msg>
<status status="PASS" starttime="20200221 14:24:58.891" endtime="20200221 14:24:58.926"></status>
</kw>
<status status="PASS" starttime="20200221 14:24:58.891" endtime="20200221 14:24:58.926"></status>
</kw>
<kw name="Input Password Field" library="Login_Actions">
<arguments>
<arg>${password}</arg>
</arguments>
<kw name="Input Password" library="MyCustomizedLibrary">
<doc>Types the given password into the text field identified by ``locator``.</doc>
<arguments>
<arg>${PASSWORD_FIELD}</arg>
<arg>${password}</arg>
</arguments>
<msg timestamp="20200221 14:24:58.926" level="INFO">Typing password into text field 'id=passwd'.</msg>
<msg timestamp="20200221 14:24:58.950" level="INFO">Temporally setting log level to: NONE</msg>
<msg timestamp="20200221 14:24:58.997" level="INFO">Log level changed from NONE to INFO.</msg>
<status status="PASS" starttime="20200221 14:24:58.926" endtime="20200221 14:24:58.997"></status>
</kw>
<status status="PASS" starttime="20200221 14:24:58.926" endtime="20200221 14:24:58.997"></status>
</kw>
<kw name="Focus On Login Button" library="Login_Actions">
<kw name="Set Focus To Element" library="MyCustomizedLibrary">
<doc>Sets the focus to the element identified by ``locator``.</doc>
<arguments>
<arg>${LOGIN_BUTTON}</arg>
</arguments>
<status status="PASS" starttime="20200221 14:24:58.997" endtime="20200221 14:24:59.009"></status>
</kw>
<status status="PASS" starttime="20200221 14:24:58.997" endtime="20200221 14:24:59.009"></status>
</kw>
<status status="PASS" starttime="20200221 14:24:58.891" endtime="20200221 14:24:59.010"></status>
</kw>
<kw name="Click Login Button" library="Login_Actions">
<kw name="Click Button" library="MyCustomizedLibrary">
<doc>Clicks the button identified by ``locator``.</doc>
<arguments>
<arg>${LOGIN_BUTTON}</arg>
</arguments>
<msg timestamp="20200221 14:24:59.010" level="INFO">Clicking button 'id=SubmitLogin'.</msg>
<status status="PASS" starttime="20200221 14:24:59.010" endtime="20200221 14:25:00.192"></status>
</kw>
<status status="PASS" starttime="20200221 14:24:59.010" endtime="20200221 14:25:00.192"></status>
</kw>
<status status="PASS" starttime="20200221 14:24:58.891" endtime="20200221 14:25:00.192"></status>
</kw>
<kw name="Then User Should See Message &quot;An email address required&quot; In Login Page" library="Login_Page">
<kw name="Username Field Should Be Required" library="Login_Actions">
<kw name="Wait Until Alert Displayed" library="MyCustomizedLibrary">
<status status="PASS" starttime="20200221 14:25:00.193" endtime="20200221 14:25:00.203"></status>
</kw>
<kw name="Is Error Message" library="MyCustomizedLibrary">
<arguments>
<arg>${USERNAME_IS_REQUIRED_MESSAGE}</arg>
</arguments>
<status status="PASS" starttime="20200221 14:25:00.203" endtime="20200221 14:25:00.221"></status>
</kw>
<status status="PASS" starttime="20200221 14:25:00.193" endtime="20200221 14:25:00.221"></status>
</kw>
<status status="PASS" starttime="20200221 14:25:00.193" endtime="20200221 14:25:00.221"></status>
</kw>
<kw name="User Cleanup Test" type="teardown">
<kw name="Capture Page Screenshot" library="MyCustomizedLibrary">
<doc>Takes a screenshot of the current page and embeds it into a log file.</doc>
<msg timestamp="20200221 14:25:00.598" level="INFO" html="yes">&lt;/td&gt;&lt;/tr&gt;&lt;tr&gt;&lt;td colspan="3"&gt;&lt;a href="selenium-screenshot-1.png"&gt;&lt;img src="selenium-screenshot-1.png" width="800px"&gt;&lt;/a&gt;</msg>
<status status="PASS" starttime="20200221 14:25:00.221" endtime="20200221 14:25:00.598"></status>
</kw>
<kw name="Close Browser" library="MyCustomizedLibrary">
<doc>Closes the current browser.</doc>
<status status="PASS" starttime="20200221 14:25:00.598" endtime="20200221 14:25:02.907"></status>
</kw>
<status status="PASS" starttime="20200221 14:25:00.221" endtime="20200221 14:25:02.907"></status>
</kw>
<tags>
<tag>login</tag>
<tag>TC_1_1</tag>
</tags>
<status status="PASS" starttime="20200221 14:24:43.496" endtime="20200221 14:25:02.907" critical="yes"></status>
</test>
<test id="s1-s1-s1-s1-t2" name="TC_1_2 User Could Not Login To Webview When Password Is Empty">
<kw name="User Navigates To Login Page" type="setup">
<kw name="User Open Browser And Go To Webview" library="Base_Test">
<arguments>
<arg>${LOGIN_URL}</arg>
</arguments>
<kw name="Setup Browser" library="Base_Test">
<kw name="Convert To Dictionary" library="Collections">
<doc>Converts the given ``item`` to a Python ``dict`` type.</doc>
<arguments>
<arg>${BROWSER}</arg>
</arguments>
<assign>
<var>${settings}</var>
</assign>
<msg timestamp="20200221 14:25:02.910" level="INFO">${settings} = {'TYPE': 'chrome', 'HEADLESS': False}</msg>
<status status="PASS" starttime="20200221 14:25:02.910" endtime="20200221 14:25:02.910"></status>
</kw>
<kw name="Setup Browser Driver" library="MyCustomizedLibrary">
<doc>Create instance of selenium webdriver base on driver type
:settings: dictionary of browser setting. Sample:
BROWSER:
  TYPE: chrome
  BROWSER_BINARY_PATH: &lt;path_name_of_browser_binary&gt;
  BROWSER_DRIVER_PATH: &lt;path_name_of_browser_driver&gt;
  HEADLESS: True
  WINDOW_SIZE: 1920,1080
  BROWSER_ARGUMENTS:
    no-sandbox
    arg2=value2</doc>
<arguments>
<arg>${settings}</arg>
</arguments>
<msg timestamp="20200221 14:25:12.466" level="INFO">E:\Working\Demo-Projects\AutomationDemo\Webdrivers\chromedriver\chromedriver.exe</msg>
<status status="PASS" starttime="20200221 14:25:02.910" endtime="20200221 14:25:12.466"></status>
</kw>
<status status="PASS" starttime="20200221 14:25:02.909" endtime="20200221 14:25:12.466"></status>
</kw>
<kw name="Go To" library="MyCustomizedLibrary">
<doc>Navigates the current browser window to the provided ``url``.</doc>
<arguments>
<arg>${URL}</arg>
</arguments>
<msg timestamp="20200221 14:25:12.467" level="INFO">Opening url 'http://automationpractice.com/index.php?controller=authentication&amp;back=my-account'</msg>
<status status="PASS" starttime="20200221 14:25:12.467" endtime="20200221 14:25:17.253"></status>
</kw>
<status status="PASS" starttime="20200221 14:25:02.909" endtime="20200221 14:25:17.254"></status>
</kw>
<kw name="User Should See The Login Page" library="Login_Page">
<kw name="Login Page Should Be Appear" library="Login_Actions">
<kw name="Wait Until Element Is Visible" library="MyCustomizedLibrary">
<doc>Waits until the element ``locator`` is visible.</doc>
<arguments>
<arg>${USERNAME_FIELD}</arg>
</arguments>
<status status="PASS" starttime="20200221 14:25:17.254" endtime="20200221 14:25:17.275"></status>
</kw>
<kw name="Wait Until Element Is Visible" library="MyCustomizedLibrary">
<doc>Waits until the element ``locator`` is visible.</doc>
<arguments>
<arg>${PASSWORD_FIELD}</arg>
</arguments>
<status status="PASS" starttime="20200221 14:25:17.275" endtime="20200221 14:25:17.292"></status>
</kw>
<kw name="Wait Until Element Is Visible" library="MyCustomizedLibrary">
<doc>Waits until the element ``locator`` is visible.</doc>
<arguments>
<arg>${LOGIN_BUTTON}</arg>
</arguments>
<status status="PASS" starttime="20200221 14:25:17.292" endtime="20200221 14:25:17.309"></status>
</kw>
<kw name="Wait Until Location Is" library="MyCustomizedLibrary">
<arguments>
<arg>${LOGIN_URL}</arg>
</arguments>
<status status="PASS" starttime="20200221 14:25:17.309" endtime="20200221 14:25:17.315"></status>
</kw>
<status status="PASS" starttime="20200221 14:25:17.254" endtime="20200221 14:25:17.315"></status>
</kw>
<status status="PASS" starttime="20200221 14:25:17.254" endtime="20200221 14:25:17.315"></status>
</kw>
<status status="PASS" starttime="20200221 14:25:02.909" endtime="20200221 14:25:17.315"></status>
</kw>
<kw name="When User Login To Webview" library="Login_Page">
<arguments>
<arg>${TC01_2.USERNAME}</arg>
<arg>${EMPTY}</arg>
</arguments>
<kw name="User Input Username And Password" library="Login_Page">
<arguments>
<arg>${username}</arg>
<arg>${password}</arg>
</arguments>
<kw name="Input Username Field" library="Login_Actions">
<arguments>
<arg>${username}</arg>
</arguments>
<kw name="Input Text" library="MyCustomizedLibrary">
<doc>Types the given ``text`` into the text field identified by ``locator``.</doc>
<arguments>
<arg>${USERNAME_FIELD}</arg>
<arg>${username}</arg>
</arguments>
<msg timestamp="20200221 14:25:17.317" level="INFO">Typing text 'ntnhon@gmail.com' into text field 'id=email'.</msg>
<status status="PASS" starttime="20200221 14:25:17.316" endtime="20200221 14:25:17.396"></status>
</kw>
<status status="PASS" starttime="20200221 14:25:17.316" endtime="20200221 14:25:17.396"></status>
</kw>
<kw name="Input Password Field" library="Login_Actions">
<arguments>
<arg>${password}</arg>
</arguments>
<kw name="Input Password" library="MyCustomizedLibrary">
<doc>Types the given password into the text field identified by ``locator``.</doc>
<arguments>
<arg>${PASSWORD_FIELD}</arg>
<arg>${password}</arg>
</arguments>
<msg timestamp="20200221 14:25:17.397" level="INFO">Typing password into text field 'id=passwd'.</msg>
<msg timestamp="20200221 14:25:17.424" level="INFO">Temporally setting log level to: NONE</msg>
<msg timestamp="20200221 14:25:17.443" level="INFO">Log level changed from NONE to INFO.</msg>
<status status="PASS" starttime="20200221 14:25:17.397" endtime="20200221 14:25:17.443"></status>
</kw>
<status status="PASS" starttime="20200221 14:25:17.396" endtime="20200221 14:25:17.443"></status>
</kw>
<kw name="Focus On Login Button" library="Login_Actions">
<kw name="Set Focus To Element" library="MyCustomizedLibrary">
<doc>Sets the focus to the element identified by ``locator``.</doc>
<arguments>
<arg>${LOGIN_BUTTON}</arg>
</arguments>
<status status="PASS" starttime="20200221 14:25:17.443" endtime="20200221 14:25:17.452"></status>
</kw>
<status status="PASS" starttime="20200221 14:25:17.443" endtime="20200221 14:25:17.452"></status>
</kw>
<status status="PASS" starttime="20200221 14:25:17.316" endtime="20200221 14:25:17.452"></status>
</kw>
<kw name="Click Login Button" library="Login_Actions">
<kw name="Click Button" library="MyCustomizedLibrary">
<doc>Clicks the button identified by ``locator``.</doc>
<arguments>
<arg>${LOGIN_BUTTON}</arg>
</arguments>
<msg timestamp="20200221 14:25:17.453" level="INFO">Clicking button 'id=SubmitLogin'.</msg>
<status status="PASS" starttime="20200221 14:25:17.453" endtime="20200221 14:25:18.607"></status>
</kw>
<status status="PASS" starttime="20200221 14:25:17.452" endtime="20200221 14:25:18.607"></status>
</kw>
<status status="PASS" starttime="20200221 14:25:17.315" endtime="20200221 14:25:18.607"></status>
</kw>
<kw name="Then User Should See Message &quot;Password is required&quot; In Login Page" library="Login_Page">
<kw name="Password Field Should Be Required" library="Login_Actions">
<kw name="Wait Until Alert Displayed" library="MyCustomizedLibrary">
<status status="PASS" starttime="20200221 14:25:18.608" endtime="20200221 14:25:18.617"></status>
</kw>
<kw name="Is Error Message" library="MyCustomizedLibrary">
<arguments>
<arg>${PASSWORD_IS_REQUIRED_MESSAGE}</arg>
</arguments>
<status status="PASS" starttime="20200221 14:25:18.617" endtime="20200221 14:25:18.636"></status>
</kw>
<status status="PASS" starttime="20200221 14:25:18.608" endtime="20200221 14:25:18.636"></status>
</kw>
<status status="PASS" starttime="20200221 14:25:18.607" endtime="20200221 14:25:18.636"></status>
</kw>
<kw name="User Cleanup Test" type="teardown">
<kw name="Capture Page Screenshot" library="MyCustomizedLibrary">
<doc>Takes a screenshot of the current page and embeds it into a log file.</doc>
<msg timestamp="20200221 14:25:19.007" level="INFO" html="yes">&lt;/td&gt;&lt;/tr&gt;&lt;tr&gt;&lt;td colspan="3"&gt;&lt;a href="selenium-screenshot-2.png"&gt;&lt;img src="selenium-screenshot-2.png" width="800px"&gt;&lt;/a&gt;</msg>
<status status="PASS" starttime="20200221 14:25:18.637" endtime="20200221 14:25:19.007"></status>
</kw>
<kw name="Close Browser" library="MyCustomizedLibrary">
<doc>Closes the current browser.</doc>
<status status="PASS" starttime="20200221 14:25:19.008" endtime="20200221 14:25:21.303"></status>
</kw>
<status status="PASS" starttime="20200221 14:25:18.637" endtime="20200221 14:25:21.303"></status>
</kw>
<tags>
<tag>login</tag>
<tag>TC_1_2</tag>
</tags>
<status status="PASS" starttime="20200221 14:25:02.908" endtime="20200221 14:25:21.303" critical="yes"></status>
</test>
<test id="s1-s1-s1-s1-t3" name="TC_1_3 Invalid Email Could Not Login To Webview">
<kw name="User Navigates To Login Page" type="setup">
<kw name="User Open Browser And Go To Webview" library="Base_Test">
<arguments>
<arg>${LOGIN_URL}</arg>
</arguments>
<kw name="Setup Browser" library="Base_Test">
<kw name="Convert To Dictionary" library="Collections">
<doc>Converts the given ``item`` to a Python ``dict`` type.</doc>
<arguments>
<arg>${BROWSER}</arg>
</arguments>
<assign>
<var>${settings}</var>
</assign>
<msg timestamp="20200221 14:25:21.306" level="INFO">${settings} = {'TYPE': 'chrome', 'HEADLESS': False}</msg>
<status status="PASS" starttime="20200221 14:25:21.306" endtime="20200221 14:25:21.306"></status>
</kw>
<kw name="Setup Browser Driver" library="MyCustomizedLibrary">
<doc>Create instance of selenium webdriver base on driver type
:settings: dictionary of browser setting. Sample:
BROWSER:
  TYPE: chrome
  BROWSER_BINARY_PATH: &lt;path_name_of_browser_binary&gt;
  BROWSER_DRIVER_PATH: &lt;path_name_of_browser_driver&gt;
  HEADLESS: True
  WINDOW_SIZE: 1920,1080
  BROWSER_ARGUMENTS:
    no-sandbox
    arg2=value2</doc>
<arguments>
<arg>${settings}</arg>
</arguments>
<msg timestamp="20200221 14:25:30.778" level="INFO">E:\Working\Demo-Projects\AutomationDemo\Webdrivers\chromedriver\chromedriver.exe</msg>
<status status="PASS" starttime="20200221 14:25:21.306" endtime="20200221 14:25:30.779"></status>
</kw>
<status status="PASS" starttime="20200221 14:25:21.306" endtime="20200221 14:25:30.779"></status>
</kw>
<kw name="Go To" library="MyCustomizedLibrary">
<doc>Navigates the current browser window to the provided ``url``.</doc>
<arguments>
<arg>${URL}</arg>
</arguments>
<msg timestamp="20200221 14:25:30.779" level="INFO">Opening url 'http://automationpractice.com/index.php?controller=authentication&amp;back=my-account'</msg>
<status status="PASS" starttime="20200221 14:25:30.779" endtime="20200221 14:25:35.825"></status>
</kw>
<status status="PASS" starttime="20200221 14:25:21.305" endtime="20200221 14:25:35.825"></status>
</kw>
<kw name="User Should See The Login Page" library="Login_Page">
<kw name="Login Page Should Be Appear" library="Login_Actions">
<kw name="Wait Until Element Is Visible" library="MyCustomizedLibrary">
<doc>Waits until the element ``locator`` is visible.</doc>
<arguments>
<arg>${USERNAME_FIELD}</arg>
</arguments>
<status status="PASS" starttime="20200221 14:25:35.826" endtime="20200221 14:25:35.843"></status>
</kw>
<kw name="Wait Until Element Is Visible" library="MyCustomizedLibrary">
<doc>Waits until the element ``locator`` is visible.</doc>
<arguments>
<arg>${PASSWORD_FIELD}</arg>
</arguments>
<status status="PASS" starttime="20200221 14:25:35.843" endtime="20200221 14:25:35.859"></status>
</kw>
<kw name="Wait Until Element Is Visible" library="MyCustomizedLibrary">
<doc>Waits until the element ``locator`` is visible.</doc>
<arguments>
<arg>${LOGIN_BUTTON}</arg>
</arguments>
<status status="PASS" starttime="20200221 14:25:35.860" endtime="20200221 14:25:35.875"></status>
</kw>
<kw name="Wait Until Location Is" library="MyCustomizedLibrary">
<arguments>
<arg>${LOGIN_URL}</arg>
</arguments>
<status status="PASS" starttime="20200221 14:25:35.876" endtime="20200221 14:25:35.881"></status>
</kw>
<status status="PASS" starttime="20200221 14:25:35.825" endtime="20200221 14:25:35.882"></status>
</kw>
<status status="PASS" starttime="20200221 14:25:35.825" endtime="20200221 14:25:35.882"></status>
</kw>
<status status="PASS" starttime="20200221 14:25:21.305" endtime="20200221 14:25:35.882"></status>
</kw>
<kw name="When User Login To Webview" library="Login_Page">
<arguments>
<arg>${TC01_3.USERNAME}</arg>
<arg>${TC01_3.PASSWORD}</arg>
</arguments>
<kw name="User Input Username And Password" library="Login_Page">
<arguments>
<arg>${username}</arg>
<arg>${password}</arg>
</arguments>
<kw name="Input Username Field" library="Login_Actions">
<arguments>
<arg>${username}</arg>
</arguments>
<kw name="Input Text" library="MyCustomizedLibrary">
<doc>Types the given ``text`` into the text field identified by ``locator``.</doc>
<arguments>
<arg>${USERNAME_FIELD}</arg>
<arg>${username}</arg>
</arguments>
<msg timestamp="20200221 14:25:35.883" level="INFO">Typing text 'invalideemail' into text field 'id=email'.</msg>
<status status="PASS" starttime="20200221 14:25:35.883" endtime="20200221 14:25:35.962"></status>
</kw>
<status status="PASS" starttime="20200221 14:25:35.883" endtime="20200221 14:25:35.962"></status>
</kw>
<kw name="Input Password Field" library="Login_Actions">
<arguments>
<arg>${password}</arg>
</arguments>
<kw name="Input Password" library="MyCustomizedLibrary">
<doc>Types the given password into the text field identified by ``locator``.</doc>
<arguments>
<arg>${PASSWORD_FIELD}</arg>
<arg>${password}</arg>
</arguments>
<msg timestamp="20200221 14:25:35.962" level="INFO">Typing password into text field 'id=passwd'.</msg>
<msg timestamp="20200221 14:25:35.987" level="INFO">Temporally setting log level to: NONE</msg>
<msg timestamp="20200221 14:25:36.039" level="INFO">Log level changed from NONE to INFO.</msg>
<status status="PASS" starttime="20200221 14:25:35.962" endtime="20200221 14:25:36.039"></status>
</kw>
<status status="PASS" starttime="20200221 14:25:35.962" endtime="20200221 14:25:36.039"></status>
</kw>
<kw name="Focus On Login Button" library="Login_Actions">
<kw name="Set Focus To Element" library="MyCustomizedLibrary">
<doc>Sets the focus to the element identified by ``locator``.</doc>
<arguments>
<arg>${LOGIN_BUTTON}</arg>
</arguments>
<status status="PASS" starttime="20200221 14:25:36.040" endtime="20200221 14:25:36.048"></status>
</kw>
<status status="PASS" starttime="20200221 14:25:36.039" endtime="20200221 14:25:36.048"></status>
</kw>
<status status="PASS" starttime="20200221 14:25:35.883" endtime="20200221 14:25:36.048"></status>
</kw>
<kw name="Click Login Button" library="Login_Actions">
<kw name="Click Button" library="MyCustomizedLibrary">
<doc>Clicks the button identified by ``locator``.</doc>
<arguments>
<arg>${LOGIN_BUTTON}</arg>
</arguments>
<msg timestamp="20200221 14:25:36.049" level="INFO">Clicking button 'id=SubmitLogin'.</msg>
<status status="PASS" starttime="20200221 14:25:36.049" endtime="20200221 14:25:37.490"></status>
</kw>
<status status="PASS" starttime="20200221 14:25:36.049" endtime="20200221 14:25:37.490"></status>
</kw>
<status status="PASS" starttime="20200221 14:25:35.882" endtime="20200221 14:25:37.490"></status>
</kw>
<kw name="User Should See Message &quot;Invalid email address&quot; In Login Page" library="Login_Page">
<kw name="Username Field Should Be Valid" library="Login_Actions">
<kw name="Wait Until Alert Displayed" library="MyCustomizedLibrary">
<status status="PASS" starttime="20200221 14:25:37.491" endtime="20200221 14:25:37.501"></status>
</kw>
<kw name="Is Error Message" library="MyCustomizedLibrary">
<arguments>
<arg>${USERNAME_IS_INVALID_MESSAGE}</arg>
</arguments>
<status status="PASS" starttime="20200221 14:25:37.502" endtime="20200221 14:25:37.519"></status>
</kw>
<status status="PASS" starttime="20200221 14:25:37.491" endtime="20200221 14:25:37.519"></status>
</kw>
<status status="PASS" starttime="20200221 14:25:37.491" endtime="20200221 14:25:37.520"></status>
</kw>
<kw name="User Cleanup Test" type="teardown">
<kw name="Capture Page Screenshot" library="MyCustomizedLibrary">
<doc>Takes a screenshot of the current page and embeds it into a log file.</doc>
<msg timestamp="20200221 14:25:37.870" level="INFO" html="yes">&lt;/td&gt;&lt;/tr&gt;&lt;tr&gt;&lt;td colspan="3"&gt;&lt;a href="selenium-screenshot-3.png"&gt;&lt;img src="selenium-screenshot-3.png" width="800px"&gt;&lt;/a&gt;</msg>
<status status="PASS" starttime="20200221 14:25:37.520" endtime="20200221 14:25:37.870"></status>
</kw>
<kw name="Close Browser" library="MyCustomizedLibrary">
<doc>Closes the current browser.</doc>
<status status="PASS" starttime="20200221 14:25:37.871" endtime="20200221 14:25:40.193"></status>
</kw>
<status status="PASS" starttime="20200221 14:25:37.520" endtime="20200221 14:25:40.194"></status>
</kw>
<tags>
<tag>login</tag>
<tag>TC_1_3</tag>
</tags>
<status status="PASS" starttime="20200221 14:25:21.305" endtime="20200221 14:25:40.195" critical="yes"></status>
</test>
<test id="s1-s1-s1-s1-t4" name="TC_1_4 Incorrect User Could Not Login To Webview">
<kw name="User Navigates To Login Page" type="setup">
<kw name="User Open Browser And Go To Webview" library="Base_Test">
<arguments>
<arg>${LOGIN_URL}</arg>
</arguments>
<kw name="Setup Browser" library="Base_Test">
<kw name="Convert To Dictionary" library="Collections">
<doc>Converts the given ``item`` to a Python ``dict`` type.</doc>
<arguments>
<arg>${BROWSER}</arg>
</arguments>
<assign>
<var>${settings}</var>
</assign>
<msg timestamp="20200221 14:25:40.204" level="INFO">${settings} = {'TYPE': 'chrome', 'HEADLESS': False}</msg>
<status status="PASS" starttime="20200221 14:25:40.203" endtime="20200221 14:25:40.204"></status>
</kw>
<kw name="Setup Browser Driver" library="MyCustomizedLibrary">
<doc>Create instance of selenium webdriver base on driver type
:settings: dictionary of browser setting. Sample:
BROWSER:
  TYPE: chrome
  BROWSER_BINARY_PATH: &lt;path_name_of_browser_binary&gt;
  BROWSER_DRIVER_PATH: &lt;path_name_of_browser_driver&gt;
  HEADLESS: True
  WINDOW_SIZE: 1920,1080
  BROWSER_ARGUMENTS:
    no-sandbox
    arg2=value2</doc>
<arguments>
<arg>${settings}</arg>
</arguments>
<msg timestamp="20200221 14:25:49.656" level="INFO">E:\Working\Demo-Projects\AutomationDemo\Webdrivers\chromedriver\chromedriver.exe</msg>
<status status="PASS" starttime="20200221 14:25:40.204" endtime="20200221 14:25:49.656"></status>
</kw>
<status status="PASS" starttime="20200221 14:25:40.202" endtime="20200221 14:25:49.657"></status>
</kw>
<kw name="Go To" library="MyCustomizedLibrary">
<doc>Navigates the current browser window to the provided ``url``.</doc>
<arguments>
<arg>${URL}</arg>
</arguments>
<msg timestamp="20200221 14:25:49.658" level="INFO">Opening url 'http://automationpractice.com/index.php?controller=authentication&amp;back=my-account'</msg>
<status status="PASS" starttime="20200221 14:25:49.657" endtime="20200221 14:25:54.899"></status>
</kw>
<status status="PASS" starttime="20200221 14:25:40.201" endtime="20200221 14:25:54.899"></status>
</kw>
<kw name="User Should See The Login Page" library="Login_Page">
<kw name="Login Page Should Be Appear" library="Login_Actions">
<kw name="Wait Until Element Is Visible" library="MyCustomizedLibrary">
<doc>Waits until the element ``locator`` is visible.</doc>
<arguments>
<arg>${USERNAME_FIELD}</arg>
</arguments>
<status status="PASS" starttime="20200221 14:25:54.900" endtime="20200221 14:25:54.918"></status>
</kw>
<kw name="Wait Until Element Is Visible" library="MyCustomizedLibrary">
<doc>Waits until the element ``locator`` is visible.</doc>
<arguments>
<arg>${PASSWORD_FIELD}</arg>
</arguments>
<status status="PASS" starttime="20200221 14:25:54.918" endtime="20200221 14:25:54.935"></status>
</kw>
<kw name="Wait Until Element Is Visible" library="MyCustomizedLibrary">
<doc>Waits until the element ``locator`` is visible.</doc>
<arguments>
<arg>${LOGIN_BUTTON}</arg>
</arguments>
<status status="PASS" starttime="20200221 14:25:54.935" endtime="20200221 14:25:54.951"></status>
</kw>
<kw name="Wait Until Location Is" library="MyCustomizedLibrary">
<arguments>
<arg>${LOGIN_URL}</arg>
</arguments>
<status status="PASS" starttime="20200221 14:25:54.951" endtime="20200221 14:25:54.957"></status>
</kw>
<status status="PASS" starttime="20200221 14:25:54.900" endtime="20200221 14:25:54.958"></status>
</kw>
<status status="PASS" starttime="20200221 14:25:54.899" endtime="20200221 14:25:54.958"></status>
</kw>
<status status="PASS" starttime="20200221 14:25:40.200" endtime="20200221 14:25:54.958"></status>
</kw>
<kw name="When User Login To Webview" library="Login_Page">
<arguments>
<arg>${TC01_4.USERNAME}</arg>
<arg>${TC01_4.PASSWORD}</arg>
</arguments>
<kw name="User Input Username And Password" library="Login_Page">
<arguments>
<arg>${username}</arg>
<arg>${password}</arg>
</arguments>
<kw name="Input Username Field" library="Login_Actions">
<arguments>
<arg>${username}</arg>
</arguments>
<kw name="Input Text" library="MyCustomizedLibrary">
<doc>Types the given ``text`` into the text field identified by ``locator``.</doc>
<arguments>
<arg>${USERNAME_FIELD}</arg>
<arg>${username}</arg>
</arguments>
<msg timestamp="20200221 14:25:54.959" level="INFO">Typing text 'incorrect@gmail.com' into text field 'id=email'.</msg>
<status status="PASS" starttime="20200221 14:25:54.959" endtime="20200221 14:25:55.044"></status>
</kw>
<status status="PASS" starttime="20200221 14:25:54.959" endtime="20200221 14:25:55.044"></status>
</kw>
<kw name="Input Password Field" library="Login_Actions">
<arguments>
<arg>${password}</arg>
</arguments>
<kw name="Input Password" library="MyCustomizedLibrary">
<doc>Types the given password into the text field identified by ``locator``.</doc>
<arguments>
<arg>${PASSWORD_FIELD}</arg>
<arg>${password}</arg>
</arguments>
<msg timestamp="20200221 14:25:55.044" level="INFO">Typing password into text field 'id=passwd'.</msg>
<msg timestamp="20200221 14:25:55.069" level="INFO">Temporally setting log level to: NONE</msg>
<msg timestamp="20200221 14:25:55.121" level="INFO">Log level changed from NONE to INFO.</msg>
<status status="PASS" starttime="20200221 14:25:55.044" endtime="20200221 14:25:55.121"></status>
</kw>
<status status="PASS" starttime="20200221 14:25:55.044" endtime="20200221 14:25:55.121"></status>
</kw>
<kw name="Focus On Login Button" library="Login_Actions">
<kw name="Set Focus To Element" library="MyCustomizedLibrary">
<doc>Sets the focus to the element identified by ``locator``.</doc>
<arguments>
<arg>${LOGIN_BUTTON}</arg>
</arguments>
<status status="PASS" starttime="20200221 14:25:55.121" endtime="20200221 14:25:55.132"></status>
</kw>
<status status="PASS" starttime="20200221 14:25:55.121" endtime="20200221 14:25:55.132"></status>
</kw>
<status status="PASS" starttime="20200221 14:25:54.959" endtime="20200221 14:25:55.132"></status>
</kw>
<kw name="Click Login Button" library="Login_Actions">
<kw name="Click Button" library="MyCustomizedLibrary">
<doc>Clicks the button identified by ``locator``.</doc>
<arguments>
<arg>${LOGIN_BUTTON}</arg>
</arguments>
<msg timestamp="20200221 14:25:55.133" level="INFO">Clicking button 'id=SubmitLogin'.</msg>
<status status="PASS" starttime="20200221 14:25:55.133" endtime="20200221 14:25:57.441"></status>
</kw>
<status status="PASS" starttime="20200221 14:25:55.133" endtime="20200221 14:25:57.442"></status>
</kw>
<status status="PASS" starttime="20200221 14:25:54.958" endtime="20200221 14:25:57.442"></status>
</kw>
<kw name="User Should See Message &quot;Authentication failed&quot; In Login Page" library="Login_Page">
<kw name="Login Should Be Failed With Message" library="Login_Actions">
<kw name="Wait Until Alert Displayed" library="MyCustomizedLibrary">
<status status="PASS" starttime="20200221 14:25:57.443" endtime="20200221 14:25:57.452"></status>
</kw>
<kw name="Is Error Message" library="MyCustomizedLibrary">
<arguments>
<arg>${AUTHEN_FAILED_MESSAGE}</arg>
</arguments>
<status status="PASS" starttime="20200221 14:25:57.452" endtime="20200221 14:25:57.470"></status>
</kw>
<status status="PASS" starttime="20200221 14:25:57.442" endtime="20200221 14:25:57.470"></status>
</kw>
<status status="PASS" starttime="20200221 14:25:57.442" endtime="20200221 14:25:57.470"></status>
</kw>
<kw name="User Cleanup Test" type="teardown">
<kw name="Capture Page Screenshot" library="MyCustomizedLibrary">
<doc>Takes a screenshot of the current page and embeds it into a log file.</doc>
<msg timestamp="20200221 14:25:57.829" level="INFO" html="yes">&lt;/td&gt;&lt;/tr&gt;&lt;tr&gt;&lt;td colspan="3"&gt;&lt;a href="selenium-screenshot-4.png"&gt;&lt;img src="selenium-screenshot-4.png" width="800px"&gt;&lt;/a&gt;</msg>
<status status="PASS" starttime="20200221 14:25:57.471" endtime="20200221 14:25:57.829"></status>
</kw>
<kw name="Close Browser" library="MyCustomizedLibrary">
<doc>Closes the current browser.</doc>
<status status="PASS" starttime="20200221 14:25:57.829" endtime="20200221 14:26:00.149"></status>
</kw>
<status status="PASS" starttime="20200221 14:25:57.471" endtime="20200221 14:26:00.149"></status>
</kw>
<tags>
<tag>login</tag>
<tag>TC_1_4</tag>
</tags>
<status status="PASS" starttime="20200221 14:25:40.198" endtime="20200221 14:26:00.149" critical="yes"></status>
</test>
<test id="s1-s1-s1-s1-t5" name="TC_1_5 Valid User Could Login To Webview">
<kw name="User Navigates To Login Page" type="setup">
<kw name="User Open Browser And Go To Webview" library="Base_Test">
<arguments>
<arg>${LOGIN_URL}</arg>
</arguments>
<kw name="Setup Browser" library="Base_Test">
<kw name="Convert To Dictionary" library="Collections">
<doc>Converts the given ``item`` to a Python ``dict`` type.</doc>
<arguments>
<arg>${BROWSER}</arg>
</arguments>
<assign>
<var>${settings}</var>
</assign>
<msg timestamp="20200221 14:26:00.160" level="INFO">${settings} = {'TYPE': 'chrome', 'HEADLESS': False}</msg>
<status status="PASS" starttime="20200221 14:26:00.159" endtime="20200221 14:26:00.160"></status>
</kw>
<kw name="Setup Browser Driver" library="MyCustomizedLibrary">
<doc>Create instance of selenium webdriver base on driver type
:settings: dictionary of browser setting. Sample:
BROWSER:
  TYPE: chrome
  BROWSER_BINARY_PATH: &lt;path_name_of_browser_binary&gt;
  BROWSER_DRIVER_PATH: &lt;path_name_of_browser_driver&gt;
  HEADLESS: True
  WINDOW_SIZE: 1920,1080
  BROWSER_ARGUMENTS:
    no-sandbox
    arg2=value2</doc>
<arguments>
<arg>${settings}</arg>
</arguments>
<msg timestamp="20200221 14:26:09.692" level="INFO">E:\Working\Demo-Projects\AutomationDemo\Webdrivers\chromedriver\chromedriver.exe</msg>
<status status="PASS" starttime="20200221 14:26:00.160" endtime="20200221 14:26:09.692"></status>
</kw>
<status status="PASS" starttime="20200221 14:26:00.158" endtime="20200221 14:26:09.692"></status>
</kw>
<kw name="Go To" library="MyCustomizedLibrary">
<doc>Navigates the current browser window to the provided ``url``.</doc>
<arguments>
<arg>${URL}</arg>
</arguments>
<msg timestamp="20200221 14:26:09.693" level="INFO">Opening url 'http://automationpractice.com/index.php?controller=authentication&amp;back=my-account'</msg>
<status status="PASS" starttime="20200221 14:26:09.693" endtime="20200221 14:26:14.848"></status>
</kw>
<status status="PASS" starttime="20200221 14:26:00.155" endtime="20200221 14:26:14.848"></status>
</kw>
<kw name="User Should See The Login Page" library="Login_Page">
<kw name="Login Page Should Be Appear" library="Login_Actions">
<kw name="Wait Until Element Is Visible" library="MyCustomizedLibrary">
<doc>Waits until the element ``locator`` is visible.</doc>
<arguments>
<arg>${USERNAME_FIELD}</arg>
</arguments>
<status status="PASS" starttime="20200221 14:26:14.848" endtime="20200221 14:26:14.868"></status>
</kw>
<kw name="Wait Until Element Is Visible" library="MyCustomizedLibrary">
<doc>Waits until the element ``locator`` is visible.</doc>
<arguments>
<arg>${PASSWORD_FIELD}</arg>
</arguments>
<status status="PASS" starttime="20200221 14:26:14.868" endtime="20200221 14:26:14.884"></status>
</kw>
<kw name="Wait Until Element Is Visible" library="MyCustomizedLibrary">
<doc>Waits until the element ``locator`` is visible.</doc>
<arguments>
<arg>${LOGIN_BUTTON}</arg>
</arguments>
<status status="PASS" starttime="20200221 14:26:14.884" endtime="20200221 14:26:14.901"></status>
</kw>
<kw name="Wait Until Location Is" library="MyCustomizedLibrary">
<arguments>
<arg>${LOGIN_URL}</arg>
</arguments>
<status status="PASS" starttime="20200221 14:26:14.901" endtime="20200221 14:26:14.907"></status>
</kw>
<status status="PASS" starttime="20200221 14:26:14.848" endtime="20200221 14:26:14.907"></status>
</kw>
<status status="PASS" starttime="20200221 14:26:14.848" endtime="20200221 14:26:14.907"></status>
</kw>
<status status="PASS" starttime="20200221 14:26:00.155" endtime="20200221 14:26:14.907"></status>
</kw>
<kw name="When User Login To Webview" library="Login_Page">
<arguments>
<arg>${TC01_5.USERNAME}</arg>
<arg>${TC01_5.PASSWORD}</arg>
</arguments>
<kw name="User Input Username And Password" library="Login_Page">
<arguments>
<arg>${username}</arg>
<arg>${password}</arg>
</arguments>
<kw name="Input Username Field" library="Login_Actions">
<arguments>
<arg>${username}</arg>
</arguments>
<kw name="Input Text" library="MyCustomizedLibrary">
<doc>Types the given ``text`` into the text field identified by ``locator``.</doc>
<arguments>
<arg>${USERNAME_FIELD}</arg>
<arg>${username}</arg>
</arguments>
<msg timestamp="20200221 14:26:14.909" level="INFO">Typing text 'ntnhon@gmail.com' into text field 'id=email'.</msg>
<status status="PASS" starttime="20200221 14:26:14.909" endtime="20200221 14:26:14.987"></status>
</kw>
<status status="PASS" starttime="20200221 14:26:14.908" endtime="20200221 14:26:14.987"></status>
</kw>
<kw name="Input Password Field" library="Login_Actions">
<arguments>
<arg>${password}</arg>
</arguments>
<kw name="Input Password" library="MyCustomizedLibrary">
<doc>Types the given password into the text field identified by ``locator``.</doc>
<arguments>
<arg>${PASSWORD_FIELD}</arg>
<arg>${password}</arg>
</arguments>
<msg timestamp="20200221 14:26:14.988" level="INFO">Typing password into text field 'id=passwd'.</msg>
<msg timestamp="20200221 14:26:15.013" level="INFO">Temporally setting log level to: NONE</msg>
<msg timestamp="20200221 14:26:15.055" level="INFO">Log level changed from NONE to INFO.</msg>
<status status="PASS" starttime="20200221 14:26:14.988" endtime="20200221 14:26:15.055"></status>
</kw>
<status status="PASS" starttime="20200221 14:26:14.988" endtime="20200221 14:26:15.055"></status>
</kw>
<kw name="Focus On Login Button" library="Login_Actions">
<kw name="Set Focus To Element" library="MyCustomizedLibrary">
<doc>Sets the focus to the element identified by ``locator``.</doc>
<arguments>
<arg>${LOGIN_BUTTON}</arg>
</arguments>
<status status="PASS" starttime="20200221 14:26:15.055" endtime="20200221 14:26:15.065"></status>
</kw>
<status status="PASS" starttime="20200221 14:26:15.055" endtime="20200221 14:26:15.065"></status>
</kw>
<status status="PASS" starttime="20200221 14:26:14.908" endtime="20200221 14:26:15.065"></status>
</kw>
<kw name="Click Login Button" library="Login_Actions">
<kw name="Click Button" library="MyCustomizedLibrary">
<doc>Clicks the button identified by ``locator``.</doc>
<arguments>
<arg>${LOGIN_BUTTON}</arg>
</arguments>
<msg timestamp="20200221 14:26:15.066" level="INFO">Clicking button 'id=SubmitLogin'.</msg>
<status status="PASS" starttime="20200221 14:26:15.065" endtime="20200221 14:26:16.893"></status>
</kw>
<status status="PASS" starttime="20200221 14:26:15.065" endtime="20200221 14:26:16.893"></status>
</kw>
<status status="PASS" starttime="20200221 14:26:14.908" endtime="20200221 14:26:16.893"></status>
</kw>
<kw name="Then User Should Not See The Login Page" library="Login_Page">
<kw name="Login Page Should Be Disappeared" library="Login_Actions">
<kw name="Wait Until Element Is Not Visible" library="MyCustomizedLibrary">
<doc>Waits until the element ``locator`` is not visible.</doc>
<arguments>
<arg>${USERNAME_FIELD}</arg>
</arguments>
<status status="PASS" starttime="20200221 14:26:16.894" endtime="20200221 14:26:16.900"></status>
</kw>
<kw name="Wait Until Element Is Not Visible" library="MyCustomizedLibrary">
<doc>Waits until the element ``locator`` is not visible.</doc>
<arguments>
<arg>${PASSWORD_FIELD}</arg>
</arguments>
<status status="PASS" starttime="20200221 14:26:16.900" endtime="20200221 14:26:16.905"></status>
</kw>
<kw name="Wait Until Element Is Not Visible" library="MyCustomizedLibrary">
<doc>Waits until the element ``locator`` is not visible.</doc>
<arguments>
<arg>${LOGIN_BUTTON}</arg>
</arguments>
<status status="PASS" starttime="20200221 14:26:16.905" endtime="20200221 14:26:16.912"></status>
</kw>
<status status="PASS" starttime="20200221 14:26:16.894" endtime="20200221 14:26:16.912"></status>
</kw>
<status status="PASS" starttime="20200221 14:26:16.894" endtime="20200221 14:26:16.912"></status>
</kw>
<kw name="User Cleanup Test" type="teardown">
<kw name="Capture Page Screenshot" library="MyCustomizedLibrary">
<doc>Takes a screenshot of the current page and embeds it into a log file.</doc>
<msg timestamp="20200221 14:26:17.287" level="INFO" html="yes">&lt;/td&gt;&lt;/tr&gt;&lt;tr&gt;&lt;td colspan="3"&gt;&lt;a href="selenium-screenshot-5.png"&gt;&lt;img src="selenium-screenshot-5.png" width="800px"&gt;&lt;/a&gt;</msg>
<status status="PASS" starttime="20200221 14:26:16.913" endtime="20200221 14:26:17.287"></status>
</kw>
<kw name="Close Browser" library="MyCustomizedLibrary">
<doc>Closes the current browser.</doc>
<status status="PASS" starttime="20200221 14:26:17.287" endtime="20200221 14:26:19.599"></status>
</kw>
<status status="PASS" starttime="20200221 14:26:16.913" endtime="20200221 14:26:19.600"></status>
</kw>
<tags>
<tag>login</tag>
<tag>TC_1_5</tag>
</tags>
<status status="PASS" starttime="20200221 14:26:00.154" endtime="20200221 14:26:19.601" critical="yes"></status>
</test>
<status status="PASS" starttime="20200221 14:24:43.085" endtime="20200221 14:26:19.609"></status>
</suite>
<status status="PASS" starttime="20200221 14:24:43.083" endtime="20200221 14:26:19.615"></status>
</suite>
<status status="PASS" starttime="20200221 14:24:43.082" endtime="20200221 14:26:19.617"></status>
</suite>
<status status="PASS" starttime="20200221 14:24:43.057" endtime="20200221 14:26:19.620"></status>
</suite>
<statistics>
<total>
<stat pass="5" fail="0">Critical Tests</stat>
<stat pass="5" fail="0">All Tests</stat>
</total>
<tag>
<stat pass="5" fail="0">login</stat>
<stat pass="1" fail="0">TC_1_1</stat>
<stat pass="1" fail="0">TC_1_2</stat>
<stat pass="1" fail="0">TC_1_3</stat>
<stat pass="1" fail="0">TC_1_4</stat>
<stat pass="1" fail="0">TC_1_5</stat>
</tag>
<suite>
<stat pass="5" fail="0" id="s1" name="Tests">Tests</stat>
<stat pass="5" fail="0" id="s1-s1" name="Suites">Tests.Suites</stat>
<stat pass="5" fail="0" id="s1-s1-s1" name="Login">Tests.Suites.Login</stat>
<stat pass="5" fail="0" id="s1-s1-s1-s1" name="Login">Tests.Suites.Login.Login</stat>
</suite>
</statistics>
<errors>
</errors>
</robot>
